<?xml version="1.0" encoding="UTF-8"?>
<testsuite xmlns:xsi="http://www.w3.org/2001/XMLSchema-instance" xsi:noNamespaceSchemaLocation="https://maven.apache.org/surefire/maven-surefire-plugin/xsd/surefire-test-report-3.0.xsd" version="3.0" name="com.lab.graphql.demo.LabGraphqlCrudDemoApplicationTests" time="2.483" tests="1" errors="0" skipped="0" failures="0">
  <properties>
    <property name="java.specification.version" value="19"/>
    <property name="sun.jnu.encoding" value="UTF-8"/>
    <property name="java.class.path" value="/Users/nunowpinho/Developer/projects/graphql-crud-demo/target/test-classes:/Users/nunowpinho/Developer/projects/graphql-crud-demo/target/classes:/Users/nunowpinho/.m2/repository/org/springframework/boot/spring-boot-starter-graphql/3.1.2/spring-boot-starter-graphql-3.1.2.jar:/Users/nunowpinho/.m2/repository/org/springframework/boot/spring-boot-starter/3.1.2/spring-boot-starter-3.1.2.jar:/Users/nunowpinho/.m2/repository/org/springframework/boot/spring-boot-starter-logging/3.1.2/spring-boot-starter-logging-3.1.2.jar:/Users/nunowpinho/.m2/repository/ch/qos/logback/logback-classic/1.4.8/logback-classic-1.4.8.jar:/Users/nunowpinho/.m2/repository/ch/qos/logback/logback-core/1.4.8/logback-core-1.4.8.jar:/Users/nunowpinho/.m2/repository/org/apache/logging/log4j/log4j-to-slf4j/2.20.0/log4j-to-slf4j-2.20.0.jar:/Users/nunowpinho/.m2/repository/org/apache/logging/log4j/log4j-api/2.20.0/log4j-api-2.20.0.jar:/Users/nunowpinho/.m2/repository/org/slf4j/jul-to-slf4j/2.0.7/jul-to-slf4j-2.0.7.jar:/Users/nunowpinho/.m2/repository/jakarta/annotation/jakarta.annotation-api/2.1.1/jakarta.annotation-api-2.1.1.jar:/Users/nunowpinho/.m2/repository/org/yaml/snakeyaml/1.33/snakeyaml-1.33.jar:/Users/nunowpinho/.m2/repository/org/springframework/boot/spring-boot-starter-json/3.1.2/spring-boot-starter-json-3.1.2.jar:/Users/nunowpinho/.m2/repository/com/fasterxml/jackson/core/jackson-databind/2.15.2/jackson-databind-2.15.2.jar:/Users/nunowpinho/.m2/repository/com/fasterxml/jackson/core/jackson-annotations/2.15.2/jackson-annotations-2.15.2.jar:/Users/nunowpinho/.m2/repository/com/fasterxml/jackson/core/jackson-core/2.15.2/jackson-core-2.15.2.jar:/Users/nunowpinho/.m2/repository/com/fasterxml/jackson/datatype/jackson-datatype-jdk8/2.15.2/jackson-datatype-jdk8-2.15.2.jar:/Users/nunowpinho/.m2/repository/com/fasterxml/jackson/datatype/jackson-datatype-jsr310/2.15.2/jackson-datatype-jsr310-2.15.2.jar:/Users/nunowpinho/.m2/repository/com/fasterxml/jackson/module/jackson-module-parameter-names/2.15.2/jackson-module-parameter-names-2.15.2.jar:/Users/nunowpinho/.m2/repository/org/springframework/graphql/spring-graphql/1.2.2/spring-graphql-1.2.2.jar:/Users/nunowpinho/.m2/repository/io/micrometer/context-propagation/1.0.4/context-propagation-1.0.4.jar:/Users/nunowpinho/.m2/repository/org/springframework/boot/spring-boot-starter-web/3.1.2/spring-boot-starter-web-3.1.2.jar:/Users/nunowpinho/.m2/repository/org/springframework/boot/spring-boot-starter-tomcat/3.1.2/spring-boot-starter-tomcat-3.1.2.jar:/Users/nunowpinho/.m2/repository/org/apache/tomcat/embed/tomcat-embed-core/10.1.11/tomcat-embed-core-10.1.11.jar:/Users/nunowpinho/.m2/repository/org/apache/tomcat/embed/tomcat-embed-el/10.1.11/tomcat-embed-el-10.1.11.jar:/Users/nunowpinho/.m2/repository/org/apache/tomcat/embed/tomcat-embed-websocket/10.1.11/tomcat-embed-websocket-10.1.11.jar:/Users/nunowpinho/.m2/repository/org/springframework/spring-web/6.0.11/spring-web-6.0.11.jar:/Users/nunowpinho/.m2/repository/io/micrometer/micrometer-observation/1.11.2/micrometer-observation-1.11.2.jar:/Users/nunowpinho/.m2/repository/io/micrometer/micrometer-commons/1.11.2/micrometer-commons-1.11.2.jar:/Users/nunowpinho/.m2/repository/org/springframework/spring-webmvc/6.0.11/spring-webmvc-6.0.11.jar:/Users/nunowpinho/.m2/repository/org/springframework/spring-aop/6.0.11/spring-aop-6.0.11.jar:/Users/nunowpinho/.m2/repository/org/springframework/spring-expression/6.0.11/spring-expression-6.0.11.jar:/Users/nunowpinho/.m2/repository/org/springframework/cloud/spring-cloud-starter-openfeign/4.0.4/spring-cloud-starter-openfeign-4.0.4.jar:/Users/nunowpinho/.m2/repository/org/springframework/cloud/spring-cloud-starter/4.0.4/spring-cloud-starter-4.0.4.jar:/Users/nunowpinho/.m2/repository/org/springframework/cloud/spring-cloud-context/4.0.4/spring-cloud-context-4.0.4.jar:/Users/nunowpinho/.m2/repository/org/springframework/security/spring-security-rsa/1.0.12.RELEASE/spring-security-rsa-1.0.12.RELEASE.jar:/Users/nunowpinho/.m2/repository/org/bouncycastle/bcpkix-jdk18on/1.73/bcpkix-jdk18on-1.73.jar:/Users/nunowpinho/.m2/repository/org/bouncycastle/bcprov-jdk18on/1.73/bcprov-jdk18on-1.73.jar:/Users/nunowpinho/.m2/repository/org/bouncycastle/bcutil-jdk18on/1.73/bcutil-jdk18on-1.73.jar:/Users/nunowpinho/.m2/repository/org/springframework/cloud/spring-cloud-openfeign-core/4.0.4/spring-cloud-openfeign-core-4.0.4.jar:/Users/nunowpinho/.m2/repository/io/github/openfeign/form/feign-form-spring/3.8.0/feign-form-spring-3.8.0.jar:/Users/nunowpinho/.m2/repository/io/github/openfeign/form/feign-form/3.8.0/feign-form-3.8.0.jar:/Users/nunowpinho/.m2/repository/commons-fileupload/commons-fileupload/1.5/commons-fileupload-1.5.jar:/Users/nunowpinho/.m2/repository/commons-io/commons-io/2.11.0/commons-io-2.11.0.jar:/Users/nunowpinho/.m2/repository/org/springframework/cloud/spring-cloud-commons/4.0.4/spring-cloud-commons-4.0.4.jar:/Users/nunowpinho/.m2/repository/org/springframework/security/spring-security-crypto/6.1.2/spring-security-crypto-6.1.2.jar:/Users/nunowpinho/.m2/repository/io/github/openfeign/feign-core/12.4/feign-core-12.4.jar:/Users/nunowpinho/.m2/repository/io/github/openfeign/feign-slf4j/12.4/feign-slf4j-12.4.jar:/Users/nunowpinho/.m2/repository/org/slf4j/slf4j-api/2.0.7/slf4j-api-2.0.7.jar:/Users/nunowpinho/.m2/repository/com/h2database/h2/2.1.214/h2-2.1.214.jar:/Users/nunowpinho/.m2/repository/org/springframework/boot/spring-boot-devtools/3.1.2/spring-boot-devtools-3.1.2.jar:/Users/nunowpinho/.m2/repository/org/springframework/boot/spring-boot/3.1.2/spring-boot-3.1.2.jar:/Users/nunowpinho/.m2/repository/org/springframework/boot/spring-boot-autoconfigure/3.1.2/spring-boot-autoconfigure-3.1.2.jar:/Users/nunowpinho/.m2/repository/org/springframework/boot/spring-boot-configuration-processor/3.1.2/spring-boot-configuration-processor-3.1.2.jar:/Users/nunowpinho/.m2/repository/org/projectlombok/lombok/1.18.28/lombok-1.18.28.jar:/Users/nunowpinho/.m2/repository/org/springframework/boot/spring-boot-starter-test/3.1.2/spring-boot-starter-test-3.1.2.jar:/Users/nunowpinho/.m2/repository/org/springframework/boot/spring-boot-test/3.1.2/spring-boot-test-3.1.2.jar:/Users/nunowpinho/.m2/repository/org/springframework/boot/spring-boot-test-autoconfigure/3.1.2/spring-boot-test-autoconfigure-3.1.2.jar:/Users/nunowpinho/.m2/repository/com/jayway/jsonpath/json-path/2.8.0/json-path-2.8.0.jar:/Users/nunowpinho/.m2/repository/jakarta/xml/bind/jakarta.xml.bind-api/4.0.0/jakarta.xml.bind-api-4.0.0.jar:/Users/nunowpinho/.m2/repository/jakarta/activation/jakarta.activation-api/2.1.2/jakarta.activation-api-2.1.2.jar:/Users/nunowpinho/.m2/repository/net/minidev/json-smart/2.4.11/json-smart-2.4.11.jar:/Users/nunowpinho/.m2/repository/net/minidev/accessors-smart/2.4.11/accessors-smart-2.4.11.jar:/Users/nunowpinho/.m2/repository/org/ow2/asm/asm/9.3/asm-9.3.jar:/Users/nunowpinho/.m2/repository/org/assertj/assertj-core/3.24.2/assertj-core-3.24.2.jar:/Users/nunowpinho/.m2/repository/net/bytebuddy/byte-buddy/1.14.5/byte-buddy-1.14.5.jar:/Users/nunowpinho/.m2/repository/org/hamcrest/hamcrest/2.2/hamcrest-2.2.jar:/Users/nunowpinho/.m2/repository/org/junit/jupiter/junit-jupiter/5.9.3/junit-jupiter-5.9.3.jar:/Users/nunowpinho/.m2/repository/org/junit/jupiter/junit-jupiter-api/5.9.3/junit-jupiter-api-5.9.3.jar:/Users/nunowpinho/.m2/repository/org/opentest4j/opentest4j/1.2.0/opentest4j-1.2.0.jar:/Users/nunowpinho/.m2/repository/org/junit/platform/junit-platform-commons/1.9.3/junit-platform-commons-1.9.3.jar:/Users/nunowpinho/.m2/repository/org/apiguardian/apiguardian-api/1.1.2/apiguardian-api-1.1.2.jar:/Users/nunowpinho/.m2/repository/org/junit/jupiter/junit-jupiter-params/5.9.3/junit-jupiter-params-5.9.3.jar:/Users/nunowpinho/.m2/repository/org/junit/jupiter/junit-jupiter-engine/5.9.3/junit-jupiter-engine-5.9.3.jar:/Users/nunowpinho/.m2/repository/org/junit/platform/junit-platform-engine/1.9.3/junit-platform-engine-1.9.3.jar:/Users/nunowpinho/.m2/repository/org/mockito/mockito-core/5.3.1/mockito-core-5.3.1.jar:/Users/nunowpinho/.m2/repository/net/bytebuddy/byte-buddy-agent/1.14.5/byte-buddy-agent-1.14.5.jar:/Users/nunowpinho/.m2/repository/org/objenesis/objenesis/3.3/objenesis-3.3.jar:/Users/nunowpinho/.m2/repository/org/mockito/mockito-junit-jupiter/5.3.1/mockito-junit-jupiter-5.3.1.jar:/Users/nunowpinho/.m2/repository/org/skyscreamer/jsonassert/1.5.1/jsonassert-1.5.1.jar:/Users/nunowpinho/.m2/repository/com/vaadin/external/google/android-json/0.0.20131108.vaadin1/android-json-0.0.20131108.vaadin1.jar:/Users/nunowpinho/.m2/repository/org/springframework/spring-core/6.0.11/spring-core-6.0.11.jar:/Users/nunowpinho/.m2/repository/org/springframework/spring-jcl/6.0.11/spring-jcl-6.0.11.jar:/Users/nunowpinho/.m2/repository/org/springframework/spring-test/6.0.11/spring-test-6.0.11.jar:/Users/nunowpinho/.m2/repository/org/xmlunit/xmlunit-core/2.9.1/xmlunit-core-2.9.1.jar:/Users/nunowpinho/.m2/repository/org/springframework/spring-webflux/6.0.11/spring-webflux-6.0.11.jar:/Users/nunowpinho/.m2/repository/org/springframework/spring-beans/6.0.11/spring-beans-6.0.11.jar:/Users/nunowpinho/.m2/repository/io/projectreactor/reactor-core/3.5.8/reactor-core-3.5.8.jar:/Users/nunowpinho/.m2/repository/org/reactivestreams/reactive-streams/1.0.4/reactive-streams-1.0.4.jar:/Users/nunowpinho/.m2/repository/org/springframework/graphql/spring-graphql-test/1.2.2/spring-graphql-test-1.2.2.jar:/Users/nunowpinho/.m2/repository/com/graphql-java/graphql-java/20.2/graphql-java-20.2.jar:/Users/nunowpinho/.m2/repository/com/graphql-java/java-dataloader/3.2.0/java-dataloader-3.2.0.jar:/Users/nunowpinho/.m2/repository/org/springframework/spring-context/6.0.11/spring-context-6.0.11.jar:/Users/nunowpinho/.m2/repository/org/springframework/boot/spring-boot-starter-data-jpa/3.1.2/spring-boot-starter-data-jpa-3.1.2.jar:/Users/nunowpinho/.m2/repository/org/springframework/boot/spring-boot-starter-aop/3.1.2/spring-boot-starter-aop-3.1.2.jar:/Users/nunowpinho/.m2/repository/org/aspectj/aspectjweaver/1.9.19/aspectjweaver-1.9.19.jar:/Users/nunowpinho/.m2/repository/org/springframework/boot/spring-boot-starter-jdbc/3.1.2/spring-boot-starter-jdbc-3.1.2.jar:/Users/nunowpinho/.m2/repository/com/zaxxer/HikariCP/5.0.1/HikariCP-5.0.1.jar:/Users/nunowpinho/.m2/repository/org/springframework/spring-jdbc/6.0.11/spring-jdbc-6.0.11.jar:/Users/nunowpinho/.m2/repository/org/hibernate/orm/hibernate-core/6.2.6.Final/hibernate-core-6.2.6.Final.jar:/Users/nunowpinho/.m2/repository/jakarta/persistence/jakarta.persistence-api/3.1.0/jakarta.persistence-api-3.1.0.jar:/Users/nunowpinho/.m2/repository/jakarta/transaction/jakarta.transaction-api/2.0.1/jakarta.transaction-api-2.0.1.jar:/Users/nunowpinho/.m2/repository/org/jboss/logging/jboss-logging/3.5.3.Final/jboss-logging-3.5.3.Final.jar:/Users/nunowpinho/.m2/repository/org/hibernate/common/hibernate-commons-annotations/6.0.6.Final/hibernate-commons-annotations-6.0.6.Final.jar:/Users/nunowpinho/.m2/repository/io/smallrye/jandex/3.0.5/jandex-3.0.5.jar:/Users/nunowpinho/.m2/repository/com/fasterxml/classmate/1.5.1/classmate-1.5.1.jar:/Users/nunowpinho/.m2/repository/org/glassfish/jaxb/jaxb-runtime/4.0.3/jaxb-runtime-4.0.3.jar:/Users/nunowpinho/.m2/repository/org/glassfish/jaxb/jaxb-core/4.0.3/jaxb-core-4.0.3.jar:/Users/nunowpinho/.m2/repository/org/eclipse/angus/angus-activation/2.0.1/angus-activation-2.0.1.jar:/Users/nunowpinho/.m2/repository/org/glassfish/jaxb/txw2/4.0.3/txw2-4.0.3.jar:/Users/nunowpinho/.m2/repository/com/sun/istack/istack-commons-runtime/4.1.2/istack-commons-runtime-4.1.2.jar:/Users/nunowpinho/.m2/repository/jakarta/inject/jakarta.inject-api/2.0.1/jakarta.inject-api-2.0.1.jar:/Users/nunowpinho/.m2/repository/org/antlr/antlr4-runtime/4.10.1/antlr4-runtime-4.10.1.jar:/Users/nunowpinho/.m2/repository/org/springframework/data/spring-data-jpa/3.1.2/spring-data-jpa-3.1.2.jar:/Users/nunowpinho/.m2/repository/org/springframework/data/spring-data-commons/3.1.2/spring-data-commons-3.1.2.jar:/Users/nunowpinho/.m2/repository/org/springframework/spring-orm/6.0.11/spring-orm-6.0.11.jar:/Users/nunowpinho/.m2/repository/org/springframework/spring-tx/6.0.11/spring-tx-6.0.11.jar:/Users/nunowpinho/.m2/repository/org/springframework/spring-aspects/6.0.11/spring-aspects-6.0.11.jar:"/>
    <property name="java.vm.vendor" value="Oracle Corporation"/>
    <property name="sun.arch.data.model" value="64"/>
    <property name="java.vendor.url" value="https://java.oracle.com/"/>
    <property name="user.timezone" value="Europe/Lisbon"/>
    <property name="org.jboss.logging.provider" value="slf4j"/>
    <property name="os.name" value="Mac OS X"/>
    <property name="java.vm.specification.version" value="19"/>
    <property name="sun.java.launcher" value="SUN_STANDARD"/>
    <property name="user.country" value="PT"/>
    <property name="sun.boot.library.path" value="/Library/Java/JavaVirtualMachines/jdk-19.jdk/Contents/Home/lib"/>
    <property name="sun.java.command" value="/Users/nunowpinho/Developer/projects/graphql-crud-demo/target/surefire/surefirebooter-20230824180346782_3.jar /Users/nunowpinho/Developer/projects/graphql-crud-demo/target/surefire 2023-08-24T18-03-46_744-jvmRun1 surefire-20230824180346782_1tmp surefire_0-20230824180346782_2tmp"/>
    <property name="http.nonProxyHosts" value="local|*.local|169.254/16|*.169.254/16"/>
    <property name="jdk.debug" value="release"/>
    <property name="surefire.test.class.path" value="/Users/nunowpinho/Developer/projects/graphql-crud-demo/target/test-classes:/Users/nunowpinho/Developer/projects/graphql-crud-demo/target/classes:/Users/nunowpinho/.m2/repository/org/springframework/boot/spring-boot-starter-graphql/3.1.2/spring-boot-starter-graphql-3.1.2.jar:/Users/nunowpinho/.m2/repository/org/springframework/boot/spring-boot-starter/3.1.2/spring-boot-starter-3.1.2.jar:/Users/nunowpinho/.m2/repository/org/springframework/boot/spring-boot-starter-logging/3.1.2/spring-boot-starter-logging-3.1.2.jar:/Users/nunowpinho/.m2/repository/ch/qos/logback/logback-classic/1.4.8/logback-classic-1.4.8.jar:/Users/nunowpinho/.m2/repository/ch/qos/logback/logback-core/1.4.8/logback-core-1.4.8.jar:/Users/nunowpinho/.m2/repository/org/apache/logging/log4j/log4j-to-slf4j/2.20.0/log4j-to-slf4j-2.20.0.jar:/Users/nunowpinho/.m2/repository/org/apache/logging/log4j/log4j-api/2.20.0/log4j-api-2.20.0.jar:/Users/nunowpinho/.m2/repository/org/slf4j/jul-to-slf4j/2.0.7/jul-to-slf4j-2.0.7.jar:/Users/nunowpinho/.m2/repository/jakarta/annotation/jakarta.annotation-api/2.1.1/jakarta.annotation-api-2.1.1.jar:/Users/nunowpinho/.m2/repository/org/yaml/snakeyaml/1.33/snakeyaml-1.33.jar:/Users/nunowpinho/.m2/repository/org/springframework/boot/spring-boot-starter-json/3.1.2/spring-boot-starter-json-3.1.2.jar:/Users/nunowpinho/.m2/repository/com/fasterxml/jackson/core/jackson-databind/2.15.2/jackson-databind-2.15.2.jar:/Users/nunowpinho/.m2/repository/com/fasterxml/jackson/core/jackson-annotations/2.15.2/jackson-annotations-2.15.2.jar:/Users/nunowpinho/.m2/repository/com/fasterxml/jackson/core/jackson-core/2.15.2/jackson-core-2.15.2.jar:/Users/nunowpinho/.m2/repository/com/fasterxml/jackson/datatype/jackson-datatype-jdk8/2.15.2/jackson-datatype-jdk8-2.15.2.jar:/Users/nunowpinho/.m2/repository/com/fasterxml/jackson/datatype/jackson-datatype-jsr310/2.15.2/jackson-datatype-jsr310-2.15.2.jar:/Users/nunowpinho/.m2/repository/com/fasterxml/jackson/module/jackson-module-parameter-names/2.15.2/jackson-module-parameter-names-2.15.2.jar:/Users/nunowpinho/.m2/repository/org/springframework/graphql/spring-graphql/1.2.2/spring-graphql-1.2.2.jar:/Users/nunowpinho/.m2/repository/io/micrometer/context-propagation/1.0.4/context-propagation-1.0.4.jar:/Users/nunowpinho/.m2/repository/org/springframework/boot/spring-boot-starter-web/3.1.2/spring-boot-starter-web-3.1.2.jar:/Users/nunowpinho/.m2/repository/org/springframework/boot/spring-boot-starter-tomcat/3.1.2/spring-boot-starter-tomcat-3.1.2.jar:/Users/nunowpinho/.m2/repository/org/apache/tomcat/embed/tomcat-embed-core/10.1.11/tomcat-embed-core-10.1.11.jar:/Users/nunowpinho/.m2/repository/org/apache/tomcat/embed/tomcat-embed-el/10.1.11/tomcat-embed-el-10.1.11.jar:/Users/nunowpinho/.m2/repository/org/apache/tomcat/embed/tomcat-embed-websocket/10.1.11/tomcat-embed-websocket-10.1.11.jar:/Users/nunowpinho/.m2/repository/org/springframework/spring-web/6.0.11/spring-web-6.0.11.jar:/Users/nunowpinho/.m2/repository/io/micrometer/micrometer-observation/1.11.2/micrometer-observation-1.11.2.jar:/Users/nunowpinho/.m2/repository/io/micrometer/micrometer-commons/1.11.2/micrometer-commons-1.11.2.jar:/Users/nunowpinho/.m2/repository/org/springframework/spring-webmvc/6.0.11/spring-webmvc-6.0.11.jar:/Users/nunowpinho/.m2/repository/org/springframework/spring-aop/6.0.11/spring-aop-6.0.11.jar:/Users/nunowpinho/.m2/repository/org/springframework/spring-expression/6.0.11/spring-expression-6.0.11.jar:/Users/nunowpinho/.m2/repository/org/springframework/cloud/spring-cloud-starter-openfeign/4.0.4/spring-cloud-starter-openfeign-4.0.4.jar:/Users/nunowpinho/.m2/repository/org/springframework/cloud/spring-cloud-starter/4.0.4/spring-cloud-starter-4.0.4.jar:/Users/nunowpinho/.m2/repository/org/springframework/cloud/spring-cloud-context/4.0.4/spring-cloud-context-4.0.4.jar:/Users/nunowpinho/.m2/repository/org/springframework/security/spring-security-rsa/1.0.12.RELEASE/spring-security-rsa-1.0.12.RELEASE.jar:/Users/nunowpinho/.m2/repository/org/bouncycastle/bcpkix-jdk18on/1.73/bcpkix-jdk18on-1.73.jar:/Users/nunowpinho/.m2/repository/org/bouncycastle/bcprov-jdk18on/1.73/bcprov-jdk18on-1.73.jar:/Users/nunowpinho/.m2/repository/org/bouncycastle/bcutil-jdk18on/1.73/bcutil-jdk18on-1.73.jar:/Users/nunowpinho/.m2/repository/org/springframework/cloud/spring-cloud-openfeign-core/4.0.4/spring-cloud-openfeign-core-4.0.4.jar:/Users/nunowpinho/.m2/repository/io/github/openfeign/form/feign-form-spring/3.8.0/feign-form-spring-3.8.0.jar:/Users/nunowpinho/.m2/repository/io/github/openfeign/form/feign-form/3.8.0/feign-form-3.8.0.jar:/Users/nunowpinho/.m2/repository/commons-fileupload/commons-fileupload/1.5/commons-fileupload-1.5.jar:/Users/nunowpinho/.m2/repository/commons-io/commons-io/2.11.0/commons-io-2.11.0.jar:/Users/nunowpinho/.m2/repository/org/springframework/cloud/spring-cloud-commons/4.0.4/spring-cloud-commons-4.0.4.jar:/Users/nunowpinho/.m2/repository/org/springframework/security/spring-security-crypto/6.1.2/spring-security-crypto-6.1.2.jar:/Users/nunowpinho/.m2/repository/io/github/openfeign/feign-core/12.4/feign-core-12.4.jar:/Users/nunowpinho/.m2/repository/io/github/openfeign/feign-slf4j/12.4/feign-slf4j-12.4.jar:/Users/nunowpinho/.m2/repository/org/slf4j/slf4j-api/2.0.7/slf4j-api-2.0.7.jar:/Users/nunowpinho/.m2/repository/com/h2database/h2/2.1.214/h2-2.1.214.jar:/Users/nunowpinho/.m2/repository/org/springframework/boot/spring-boot-devtools/3.1.2/spring-boot-devtools-3.1.2.jar:/Users/nunowpinho/.m2/repository/org/springframework/boot/spring-boot/3.1.2/spring-boot-3.1.2.jar:/Users/nunowpinho/.m2/repository/org/springframework/boot/spring-boot-autoconfigure/3.1.2/spring-boot-autoconfigure-3.1.2.jar:/Users/nunowpinho/.m2/repository/org/springframework/boot/spring-boot-configuration-processor/3.1.2/spring-boot-configuration-processor-3.1.2.jar:/Users/nunowpinho/.m2/repository/org/projectlombok/lombok/1.18.28/lombok-1.18.28.jar:/Users/nunowpinho/.m2/repository/org/springframework/boot/spring-boot-starter-test/3.1.2/spring-boot-starter-test-3.1.2.jar:/Users/nunowpinho/.m2/repository/org/springframework/boot/spring-boot-test/3.1.2/spring-boot-test-3.1.2.jar:/Users/nunowpinho/.m2/repository/org/springframework/boot/spring-boot-test-autoconfigure/3.1.2/spring-boot-test-autoconfigure-3.1.2.jar:/Users/nunowpinho/.m2/repository/com/jayway/jsonpath/json-path/2.8.0/json-path-2.8.0.jar:/Users/nunowpinho/.m2/repository/jakarta/xml/bind/jakarta.xml.bind-api/4.0.0/jakarta.xml.bind-api-4.0.0.jar:/Users/nunowpinho/.m2/repository/jakarta/activation/jakarta.activation-api/2.1.2/jakarta.activation-api-2.1.2.jar:/Users/nunowpinho/.m2/repository/net/minidev/json-smart/2.4.11/json-smart-2.4.11.jar:/Users/nunowpinho/.m2/repository/net/minidev/accessors-smart/2.4.11/accessors-smart-2.4.11.jar:/Users/nunowpinho/.m2/repository/org/ow2/asm/asm/9.3/asm-9.3.jar:/Users/nunowpinho/.m2/repository/org/assertj/assertj-core/3.24.2/assertj-core-3.24.2.jar:/Users/nunowpinho/.m2/repository/net/bytebuddy/byte-buddy/1.14.5/byte-buddy-1.14.5.jar:/Users/nunowpinho/.m2/repository/org/hamcrest/hamcrest/2.2/hamcrest-2.2.jar:/Users/nunowpinho/.m2/repository/org/junit/jupiter/junit-jupiter/5.9.3/junit-jupiter-5.9.3.jar:/Users/nunowpinho/.m2/repository/org/junit/jupiter/junit-jupiter-api/5.9.3/junit-jupiter-api-5.9.3.jar:/Users/nunowpinho/.m2/repository/org/opentest4j/opentest4j/1.2.0/opentest4j-1.2.0.jar:/Users/nunowpinho/.m2/repository/org/junit/platform/junit-platform-commons/1.9.3/junit-platform-commons-1.9.3.jar:/Users/nunowpinho/.m2/repository/org/apiguardian/apiguardian-api/1.1.2/apiguardian-api-1.1.2.jar:/Users/nunowpinho/.m2/repository/org/junit/jupiter/junit-jupiter-params/5.9.3/junit-jupiter-params-5.9.3.jar:/Users/nunowpinho/.m2/repository/org/junit/jupiter/junit-jupiter-engine/5.9.3/junit-jupiter-engine-5.9.3.jar:/Users/nunowpinho/.m2/repository/org/junit/platform/junit-platform-engine/1.9.3/junit-platform-engine-1.9.3.jar:/Users/nunowpinho/.m2/repository/org/mockito/mockito-core/5.3.1/mockito-core-5.3.1.jar:/Users/nunowpinho/.m2/repository/net/bytebuddy/byte-buddy-agent/1.14.5/byte-buddy-agent-1.14.5.jar:/Users/nunowpinho/.m2/repository/org/objenesis/objenesis/3.3/objenesis-3.3.jar:/Users/nunowpinho/.m2/repository/org/mockito/mockito-junit-jupiter/5.3.1/mockito-junit-jupiter-5.3.1.jar:/Users/nunowpinho/.m2/repository/org/skyscreamer/jsonassert/1.5.1/jsonassert-1.5.1.jar:/Users/nunowpinho/.m2/repository/com/vaadin/external/google/android-json/0.0.20131108.vaadin1/android-json-0.0.20131108.vaadin1.jar:/Users/nunowpinho/.m2/repository/org/springframework/spring-core/6.0.11/spring-core-6.0.11.jar:/Users/nunowpinho/.m2/repository/org/springframework/spring-jcl/6.0.11/spring-jcl-6.0.11.jar:/Users/nunowpinho/.m2/repository/org/springframework/spring-test/6.0.11/spring-test-6.0.11.jar:/Users/nunowpinho/.m2/repository/org/xmlunit/xmlunit-core/2.9.1/xmlunit-core-2.9.1.jar:/Users/nunowpinho/.m2/repository/org/springframework/spring-webflux/6.0.11/spring-webflux-6.0.11.jar:/Users/nunowpinho/.m2/repository/org/springframework/spring-beans/6.0.11/spring-beans-6.0.11.jar:/Users/nunowpinho/.m2/repository/io/projectreactor/reactor-core/3.5.8/reactor-core-3.5.8.jar:/Users/nunowpinho/.m2/repository/org/reactivestreams/reactive-streams/1.0.4/reactive-streams-1.0.4.jar:/Users/nunowpinho/.m2/repository/org/springframework/graphql/spring-graphql-test/1.2.2/spring-graphql-test-1.2.2.jar:/Users/nunowpinho/.m2/repository/com/graphql-java/graphql-java/20.2/graphql-java-20.2.jar:/Users/nunowpinho/.m2/repository/com/graphql-java/java-dataloader/3.2.0/java-dataloader-3.2.0.jar:/Users/nunowpinho/.m2/repository/org/springframework/spring-context/6.0.11/spring-context-6.0.11.jar:/Users/nunowpinho/.m2/repository/org/springframework/boot/spring-boot-starter-data-jpa/3.1.2/spring-boot-starter-data-jpa-3.1.2.jar:/Users/nunowpinho/.m2/repository/org/springframework/boot/spring-boot-starter-aop/3.1.2/spring-boot-starter-aop-3.1.2.jar:/Users/nunowpinho/.m2/repository/org/aspectj/aspectjweaver/1.9.19/aspectjweaver-1.9.19.jar:/Users/nunowpinho/.m2/repository/org/springframework/boot/spring-boot-starter-jdbc/3.1.2/spring-boot-starter-jdbc-3.1.2.jar:/Users/nunowpinho/.m2/repository/com/zaxxer/HikariCP/5.0.1/HikariCP-5.0.1.jar:/Users/nunowpinho/.m2/repository/org/springframework/spring-jdbc/6.0.11/spring-jdbc-6.0.11.jar:/Users/nunowpinho/.m2/repository/org/hibernate/orm/hibernate-core/6.2.6.Final/hibernate-core-6.2.6.Final.jar:/Users/nunowpinho/.m2/repository/jakarta/persistence/jakarta.persistence-api/3.1.0/jakarta.persistence-api-3.1.0.jar:/Users/nunowpinho/.m2/repository/jakarta/transaction/jakarta.transaction-api/2.0.1/jakarta.transaction-api-2.0.1.jar:/Users/nunowpinho/.m2/repository/org/jboss/logging/jboss-logging/3.5.3.Final/jboss-logging-3.5.3.Final.jar:/Users/nunowpinho/.m2/repository/org/hibernate/common/hibernate-commons-annotations/6.0.6.Final/hibernate-commons-annotations-6.0.6.Final.jar:/Users/nunowpinho/.m2/repository/io/smallrye/jandex/3.0.5/jandex-3.0.5.jar:/Users/nunowpinho/.m2/repository/com/fasterxml/classmate/1.5.1/classmate-1.5.1.jar:/Users/nunowpinho/.m2/repository/org/glassfish/jaxb/jaxb-runtime/4.0.3/jaxb-runtime-4.0.3.jar:/Users/nunowpinho/.m2/repository/org/glassfish/jaxb/jaxb-core/4.0.3/jaxb-core-4.0.3.jar:/Users/nunowpinho/.m2/repository/org/eclipse/angus/angus-activation/2.0.1/angus-activation-2.0.1.jar:/Users/nunowpinho/.m2/repository/org/glassfish/jaxb/txw2/4.0.3/txw2-4.0.3.jar:/Users/nunowpinho/.m2/repository/com/sun/istack/istack-commons-runtime/4.1.2/istack-commons-runtime-4.1.2.jar:/Users/nunowpinho/.m2/repository/jakarta/inject/jakarta.inject-api/2.0.1/jakarta.inject-api-2.0.1.jar:/Users/nunowpinho/.m2/repository/org/antlr/antlr4-runtime/4.10.1/antlr4-runtime-4.10.1.jar:/Users/nunowpinho/.m2/repository/org/springframework/data/spring-data-jpa/3.1.2/spring-data-jpa-3.1.2.jar:/Users/nunowpinho/.m2/repository/org/springframework/data/spring-data-commons/3.1.2/spring-data-commons-3.1.2.jar:/Users/nunowpinho/.m2/repository/org/springframework/spring-orm/6.0.11/spring-orm-6.0.11.jar:/Users/nunowpinho/.m2/repository/org/springframework/spring-tx/6.0.11/spring-tx-6.0.11.jar:/Users/nunowpinho/.m2/repository/org/springframework/spring-aspects/6.0.11/spring-aspects-6.0.11.jar:"/>
    <property name="sun.cpu.endian" value="little"/>
    <property name="user.home" value="/Users/nunowpinho"/>
    <property name="user.language" value="en"/>
    <property name="java.specification.vendor" value="Oracle Corporation"/>
    <property name="java.version.date" value="2022-09-20"/>
    <property name="java.home" value="/Library/Java/JavaVirtualMachines/jdk-19.jdk/Contents/Home"/>
    <property name="file.separator" value="/"/>
    <property name="basedir" value="/Users/nunowpinho/Developer/projects/graphql-crud-demo"/>
    <property name="java.vm.compressedOopsMode" value="Zero based"/>
    <property name="line.separator" value="&#10;"/>
    <property name="java.vm.specification.vendor" value="Oracle Corporation"/>
    <property name="java.specification.name" value="Java Platform API Specification"/>
    <property name="FILE_LOG_CHARSET" value="UTF-8"/>
    <property name="java.awt.headless" value="true"/>
    <property name="apple.awt.application.name" value="ForkedBooter"/>
    <property name="surefire.real.class.path" value="/Users/nunowpinho/Developer/projects/graphql-crud-demo/target/surefire/surefirebooter-20230824180346782_3.jar"/>
    <property name="sun.management.compiler" value="HotSpot 64-Bit Tiered Compilers"/>
    <property name="ftp.nonProxyHosts" value="local|*.local|169.254/16|*.169.254/16"/>
    <property name="java.runtime.version" value="19+36-2238"/>
    <property name="user.name" value="nunowpinho"/>
    <property name="stdout.encoding" value="UTF-8"/>
    <property name="path.separator" value=":"/>
    <property name="os.version" value="13.4.1"/>
    <property name="java.runtime.name" value="Java(TM) SE Runtime Environment"/>
    <property name="file.encoding" value="UTF-8"/>
    <property name="java.vm.name" value="Java HotSpot(TM) 64-Bit Server VM"/>
    <property name="localRepository" value="/Users/nunowpinho/.m2/repository"/>
    <property name="java.vendor.url.bug" value="https://bugreport.java.com/bugreport/"/>
    <property name="java.io.tmpdir" value="/var/folders/hn/4q1pn6yx0vqclsv32kfv355w0000gn/T/"/>
    <property name="java.version" value="19"/>
    <property name="user.dir" value="/Users/nunowpinho/Developer/projects/graphql-crud-demo"/>
    <property name="os.arch" value="aarch64"/>
    <property name="java.vm.specification.name" value="Java Virtual Machine Specification"/>
    <property name="PID" value="35140"/>
    <property name="CONSOLE_LOG_CHARSET" value="UTF-8"/>
    <property name="native.encoding" value="UTF-8"/>
    <property name="java.library.path" value="/Users/nunowpinho/Library/Java/Extensions:/Library/Java/Extensions:/Network/Library/Java/Extensions:/System/Library/Java/Extensions:/usr/lib/java:."/>
    <property name="java.vm.info" value="mixed mode, sharing"/>
    <property name="stderr.encoding" value="UTF-8"/>
    <property name="java.vendor" value="Oracle Corporation"/>
    <property name="java.vm.version" value="19+36-2238"/>
    <property name="sun.io.unicode.encoding" value="UnicodeBig"/>
    <property name="socksNonProxyHosts" value="local|*.local|169.254/16|*.169.254/16"/>
    <property name="java.class.version" value="63.0"/>
  </properties>
  <testcase name="contextLoads" classname="com.lab.graphql.demo.LabGraphqlCrudDemoApplicationTests" time="0.333">
    <system-out><![CDATA[18:03:47.116 [main] INFO org.springframework.test.context.support.AnnotationConfigContextLoaderUtils -- Could not detect default configuration classes for test class [com.lab.graphql.demo.LabGraphqlCrudDemoApplicationTests]: LabGraphqlCrudDemoApplicationTests does not declare any static, non-private, non-final, nested classes annotated with @Configuration.
18:03:47.156 [main] INFO org.springframework.boot.test.context.SpringBootTestContextBootstrapper -- Found @SpringBootConfiguration com.lab.graphql.demo.LabGraphqlCrudDemoApplication for test class com.lab.graphql.demo.LabGraphqlCrudDemoApplicationTests

  .   ____          _            __ _ _
 /\\ / ___'_ __ _ _(_)_ __  __ _ \ \ \ \
( ( )\___ | '_ | '_| | '_ \/ _` | \ \ \ \
 \\/  ___)| |_)| | | | | || (_| |  ) ) ) )
  '  |____| .__|_| |_|_| |_\__, | / / / /
 =========|_|==============|___/=/_/_/_/
 :: Spring Boot ::                (v3.1.2)

2023-08-24T18:03:47.372+01:00  INFO 35140 --- [           main] l.g.d.LabGraphqlCrudDemoApplicationTests : Starting LabGraphqlCrudDemoApplicationTests using Java 19 with PID 35140 (started by nunowpinho in /Users/nunowpinho/Developer/projects/graphql-crud-demo)
2023-08-24T18:03:47.372+01:00  INFO 35140 --- [           main] l.g.d.LabGraphqlCrudDemoApplicationTests : No active profile set, falling back to 1 default profile: "default"
2023-08-24T18:03:47.644+01:00  INFO 35140 --- [           main] .s.d.r.c.RepositoryConfigurationDelegate : Bootstrapping Spring Data JPA repositories in DEFAULT mode.
2023-08-24T18:03:47.703+01:00  INFO 35140 --- [           main] .s.d.r.c.RepositoryConfigurationDelegate : Finished Spring Data repository scanning in 56 ms. Found 1 JPA repository interfaces.
2023-08-24T18:03:47.815+01:00  INFO 35140 --- [           main] o.s.cloud.context.scope.GenericScope     : BeanFactory id=228c6f12-fd46-36ca-bb08-8520057b4c97
2023-08-24T18:03:47.929+01:00  INFO 35140 --- [           main] com.zaxxer.hikari.HikariDataSource       : true - Starting...
2023-08-24T18:03:48.017+01:00  INFO 35140 --- [           main] com.zaxxer.hikari.pool.HikariPool        : true - Added connection conn0: url=jdbc:h2:mem:true user=SA
2023-08-24T18:03:48.018+01:00  INFO 35140 --- [           main] com.zaxxer.hikari.HikariDataSource       : true - Start completed.
2023-08-24T18:03:48.040+01:00  INFO 35140 --- [           main] o.hibernate.jpa.internal.util.LogHelper  : HHH000204: Processing PersistenceUnitInfo [name: default]
2023-08-24T18:03:48.072+01:00  INFO 35140 --- [           main] org.hibernate.Version                    : HHH000412: Hibernate ORM core version 6.2.6.Final
2023-08-24T18:03:48.073+01:00  INFO 35140 --- [           main] org.hibernate.cfg.Environment            : HHH000406: Using bytecode reflection optimizer
2023-08-24T18:03:48.130+01:00  INFO 35140 --- [           main] o.h.b.i.BytecodeProviderInitiator        : HHH000021: Bytecode provider name : bytebuddy
2023-08-24T18:03:48.186+01:00  INFO 35140 --- [           main] o.s.o.j.p.SpringPersistenceUnitInfo      : No LoadTimeWeaver setup: ignoring JPA class transformer
2023-08-24T18:03:48.316+01:00  INFO 35140 --- [           main] o.h.b.i.BytecodeProviderInitiator        : HHH000021: Bytecode provider name : bytebuddy
2023-08-24T18:03:48.608+01:00  INFO 35140 --- [           main] o.h.e.t.j.p.i.JtaPlatformInitiator       : HHH000490: Using JtaPlatform implementation: [org.hibernate.engine.transaction.jta.platform.internal.NoJtaPlatform]
2023-08-24T18:03:48.614+01:00 DEBUG 35140 --- [           main] org.hibernate.SQL                        : drop table if exists continent cascade 
2023-08-24T18:03:48.614+01:00 DEBUG 35140 --- [           main] org.hibernate.SQL                        : drop table if exists country cascade 
2023-08-24T18:03:48.615+01:00 DEBUG 35140 --- [           main] org.hibernate.SQL                        : drop table if exists country_continents cascade 
2023-08-24T18:03:48.615+01:00 DEBUG 35140 --- [           main] org.hibernate.SQL                        : drop table if exists country_languages cascade 
2023-08-24T18:03:48.615+01:00 DEBUG 35140 --- [           main] org.hibernate.SQL                        : drop table if exists languages cascade 
2023-08-24T18:03:48.615+01:00 DEBUG 35140 --- [           main] org.hibernate.SQL                        : drop sequence if exists continent_seq
2023-08-24T18:03:48.615+01:00 DEBUG 35140 --- [           main] org.hibernate.SQL                        : drop sequence if exists country_seq
2023-08-24T18:03:48.615+01:00 DEBUG 35140 --- [           main] org.hibernate.SQL                        : drop sequence if exists languages_seq
2023-08-24T18:03:48.617+01:00 DEBUG 35140 --- [           main] org.hibernate.SQL                        : create sequence continent_seq start with 1 increment by 50
2023-08-24T18:03:48.618+01:00 DEBUG 35140 --- [           main] org.hibernate.SQL                        : create sequence country_seq start with 1 increment by 50
2023-08-24T18:03:48.618+01:00 DEBUG 35140 --- [           main] org.hibernate.SQL                        : create sequence languages_seq start with 1 increment by 50
2023-08-24T18:03:48.619+01:00 DEBUG 35140 --- [           main] org.hibernate.SQL                        : create table continent (code varchar(255), id varchar(255) not null, name varchar(255), primary key (id))
2023-08-24T18:03:48.621+01:00 DEBUG 35140 --- [           main] org.hibernate.SQL                        : create table country (id bigint not null, currency varchar(255), emoji varchar(255), name varchar(255), phone varchar(255), primary key (id))
2023-08-24T18:03:48.622+01:00 DEBUG 35140 --- [           main] org.hibernate.SQL                        : create table country_continents (country_id bigint not null, continents_id varchar(255) not null unique)
2023-08-24T18:03:48.623+01:00 DEBUG 35140 --- [           main] org.hibernate.SQL                        : create table country_languages (country_id bigint not null, languages_id varchar(255) not null unique)
2023-08-24T18:03:48.623+01:00 DEBUG 35140 --- [           main] org.hibernate.SQL                        : create table languages (code varchar(255), id varchar(255) not null, name varchar(255), primary key (id))
2023-08-24T18:03:48.623+01:00 DEBUG 35140 --- [           main] org.hibernate.SQL                        : alter table if exists country_continents add constraint FKtbdnofkbcys88vfor4exeqqj3 foreign key (continents_id) references continent
2023-08-24T18:03:48.625+01:00 DEBUG 35140 --- [           main] org.hibernate.SQL                        : alter table if exists country_continents add constraint FK2jxdr6o3yx7ylrjhst9cqbbcf foreign key (country_id) references country
2023-08-24T18:03:48.626+01:00 DEBUG 35140 --- [           main] org.hibernate.SQL                        : alter table if exists country_languages add constraint FKf9mt6l1v24brue5ieu02yuww foreign key (languages_id) references languages
2023-08-24T18:03:48.627+01:00 DEBUG 35140 --- [           main] org.hibernate.SQL                        : alter table if exists country_languages add constraint FKewm1msv202fkvi22f2uglqiuu foreign key (country_id) references country
2023-08-24T18:03:48.629+01:00  INFO 35140 --- [           main] j.LocalContainerEntityManagerFactoryBean : Initialized JPA EntityManagerFactory for persistence unit 'default'
2023-08-24T18:03:48.720+01:00  WARN 35140 --- [           main] JpaBaseConfiguration$JpaWebConfiguration : spring.jpa.open-in-view is enabled by default. Therefore, database queries may be performed during view rendering. Explicitly configure spring.jpa.open-in-view to disable this warning
2023-08-24T18:03:49.007+01:00  INFO 35140 --- [           main] efaultSchemaResourceGraphQlSourceBuilder : Loaded 1 resource(s) in the GraphQL schema.
2023-08-24T18:03:49.079+01:00  INFO 35140 --- [           main] s.b.a.g.s.GraphQlWebMvcAutoConfiguration : GraphQL endpoint HTTP POST /graphql
2023-08-24T18:03:49.125+01:00  INFO 35140 --- [           main] o.s.b.a.h2.H2ConsoleAutoConfiguration    : H2 console available at '/h2-console'. Database available at 'jdbc:h2:mem:true'
2023-08-24T18:03:49.184+01:00  INFO 35140 --- [           main] l.g.d.LabGraphqlCrudDemoApplicationTests : Started LabGraphqlCrudDemoApplicationTests in 1.968 seconds (process running for 2.362)
]]></system-out>
  </testcase>
</testsuite>